This is pdfTeX, Version 3.141592653-2.6-1.40.25 (MiKTeX 24.1) (preloaded format=pdflatex 2024.2.8)  10 JUL 2024 03:16
entering extended mode
 restricted \write18 enabled.
 %&-line parsing enabled.
**./SwDS.tex
(SwDS.tex
LaTeX2e <2023-11-01> patch level 1
L3 programming layer <2024-01-04>
(C:\Users\13791\AppData\Local\Programs\MiKTeX\tex/latex/base\article.cls
Document Class: article 2023/05/17 v1.4n Standard LaTeX document class
(C:\Users\13791\AppData\Local\Programs\MiKTeX\tex/latex/base\size11.clo
File: size11.clo 2023/05/17 v1.4n Standard LaTeX file (size option)
)
\c@part=\count187
\c@section=\count188
\c@subsection=\count189
\c@subsubsection=\count190
\c@paragraph=\count191
\c@subparagraph=\count192
\c@figure=\count193
\c@table=\count194
\abovecaptionskip=\skip48
\belowcaptionskip=\skip49
\bibindent=\dimen140
) (C:\Users\13791\AppData\Local\Programs\MiKTeX\tex/latex/amsmath\amsmath.sty
Package: amsmath 2023/05/13 v2.17o AMS math features
\@mathmargin=\skip50
For additional information on amsmath, use the `?' option.
(C:\Users\13791\AppData\Local\Programs\MiKTeX\tex/latex/amsmath\amstext.sty
Package: amstext 2021/08/26 v2.01 AMS text
(C:\Users\13791\AppData\Local\Programs\MiKTeX\tex/latex/amsmath\amsgen.sty
File: amsgen.sty 1999/11/30 v2.0 generic functions
\@emptytoks=\toks17
\ex@=\dimen141
)) (C:\Users\13791\AppData\Local\Programs\MiKTeX\tex/latex/amsmath\amsbsy.sty
Package: amsbsy 1999/11/29 v1.2d Bold Symbols
\pmbraise@=\dimen142
) (C:\Users\13791\AppData\Local\Programs\MiKTeX\tex/latex/amsmath\amsopn.sty
Package: amsopn 2022/04/08 v2.04 operator names
)
\inf@bad=\count195
LaTeX Info: Redefining \frac on input line 234.
\uproot@=\count196
\leftroot@=\count197
LaTeX Info: Redefining \overline on input line 399.
LaTeX Info: Redefining \colon on input line 410.
\classnum@=\count198
\DOTSCASE@=\count199
LaTeX Info: Redefining \ldots on input line 496.
LaTeX Info: Redefining \dots on input line 499.
LaTeX Info: Redefining \cdots on input line 620.
\Mathstrutbox@=\box51
\strutbox@=\box52
LaTeX Info: Redefining \big on input line 722.
LaTeX Info: Redefining \Big on input line 723.
LaTeX Info: Redefining \bigg on input line 724.
LaTeX Info: Redefining \Bigg on input line 725.
\big@size=\dimen143
LaTeX Font Info:    Redeclaring font encoding OML on input line 743.
LaTeX Font Info:    Redeclaring font encoding OMS on input line 744.
\macc@depth=\count266
LaTeX Info: Redefining \bmod on input line 905.
LaTeX Info: Redefining \pmod on input line 910.
LaTeX Info: Redefining \smash on input line 940.
LaTeX Info: Redefining \relbar on input line 970.
LaTeX Info: Redefining \Relbar on input line 971.
\c@MaxMatrixCols=\count267
\dotsspace@=\muskip16
\c@parentequation=\count268
\dspbrk@lvl=\count269
\tag@help=\toks18
\row@=\count270
\column@=\count271
\maxfields@=\count272
\andhelp@=\toks19
\eqnshift@=\dimen144
\alignsep@=\dimen145
\tagshift@=\dimen146
\tagwidth@=\dimen147
\totwidth@=\dimen148
\lineht@=\dimen149
\@envbody=\toks20
\multlinegap=\skip51
\multlinetaggap=\skip52
\mathdisplay@stack=\toks21
LaTeX Info: Redefining \[ on input line 2953.
LaTeX Info: Redefining \] on input line 2954.
) (C:\Users\13791\AppData\Local\Programs\MiKTeX\tex/latex/amsfonts\amssymb.sty
Package: amssymb 2013/01/14 v3.01 AMS font symbols
(C:\Users\13791\AppData\Local\Programs\MiKTeX\tex/latex/amsfonts\amsfonts.sty
Package: amsfonts 2013/01/14 v3.01 Basic AMSFonts support
\symAMSa=\mathgroup4
\symAMSb=\mathgroup5
LaTeX Font Info:    Redeclaring math symbol \hbar on input line 98.
LaTeX Font Info:    Overwriting math alphabet `\mathfrak' in version `bold'
(Font)                  U/euf/m/n --> U/euf/b/n on input line 106.
)) (C:\Users\13791\AppData\Local\Programs\MiKTeX\tex/generic/iftex\iftex.sty
Package: iftex 2022/02/03 v1.0f TeX engine tests
) (C:\Users\13791\AppData\Local\Programs\MiKTeX\tex/latex/base\fontenc.sty
Package: fontenc 2021/04/29 v2.0v Standard LaTeX package
) (C:\Users\13791\AppData\Local\Programs\MiKTeX\tex/latex/base\inputenc.sty
Package: inputenc 2021/02/14 v1.3d Input encoding file
\inpenc@prehook=\toks22
\inpenc@posthook=\toks23
) (C:\Users\13791\AppData\Local\Programs\MiKTeX\tex/latex/base\textcomp.sty
Package: textcomp 2020/02/02 v2.0n Standard LaTeX package
) (C:\Users\13791\AppData\Local\Programs\MiKTeX\tex/latex/lm\lmodern.sty
Package: lmodern 2015/05/01 v1.6.1 Latin Modern Fonts
LaTeX Font Info:    Overwriting symbol font `operators' in version `normal'
(Font)                  OT1/cmr/m/n --> OT1/lmr/m/n on input line 22.
LaTeX Font Info:    Overwriting symbol font `letters' in version `normal'
(Font)                  OML/cmm/m/it --> OML/lmm/m/it on input line 23.
LaTeX Font Info:    Overwriting symbol font `symbols' in version `normal'
(Font)                  OMS/cmsy/m/n --> OMS/lmsy/m/n on input line 24.
LaTeX Font Info:    Overwriting symbol font `largesymbols' in version `normal'
(Font)                  OMX/cmex/m/n --> OMX/lmex/m/n on input line 25.
LaTeX Font Info:    Overwriting symbol font `operators' in version `bold'
(Font)                  OT1/cmr/bx/n --> OT1/lmr/bx/n on input line 26.
LaTeX Font Info:    Overwriting symbol font `letters' in version `bold'
(Font)                  OML/cmm/b/it --> OML/lmm/b/it on input line 27.
LaTeX Font Info:    Overwriting symbol font `symbols' in version `bold'
(Font)                  OMS/cmsy/b/n --> OMS/lmsy/b/n on input line 28.
LaTeX Font Info:    Overwriting symbol font `largesymbols' in version `bold'
(Font)                  OMX/cmex/m/n --> OMX/lmex/m/n on input line 29.
LaTeX Font Info:    Overwriting math alphabet `\mathbf' in version `normal'
(Font)                  OT1/cmr/bx/n --> OT1/lmr/bx/n on input line 31.
LaTeX Font Info:    Overwriting math alphabet `\mathsf' in version `normal'
(Font)                  OT1/cmss/m/n --> OT1/lmss/m/n on input line 32.
LaTeX Font Info:    Overwriting math alphabet `\mathit' in version `normal'
(Font)                  OT1/cmr/m/it --> OT1/lmr/m/it on input line 33.
LaTeX Font Info:    Overwriting math alphabet `\mathtt' in version `normal'
(Font)                  OT1/cmtt/m/n --> OT1/lmtt/m/n on input line 34.
LaTeX Font Info:    Overwriting math alphabet `\mathbf' in version `bold'
(Font)                  OT1/cmr/bx/n --> OT1/lmr/bx/n on input line 35.
LaTeX Font Info:    Overwriting math alphabet `\mathsf' in version `bold'
(Font)                  OT1/cmss/bx/n --> OT1/lmss/bx/n on input line 36.
LaTeX Font Info:    Overwriting math alphabet `\mathit' in version `bold'
(Font)                  OT1/cmr/bx/it --> OT1/lmr/bx/it on input line 37.
LaTeX Font Info:    Overwriting math alphabet `\mathtt' in version `bold'
(Font)                  OT1/cmtt/m/n --> OT1/lmtt/m/n on input line 38.
) (C:\Users\13791\AppData\Local\Programs\MiKTeX\tex/latex/upquote\upquote.sty
Package: upquote 2012/04/19 v1.3 upright-quote and grave-accent glyphs in verba
tim
)
(C:\Users\13791\AppData\Local\Programs\MiKTeX\tex/latex/microtype\microtype.sty
Package: microtype 2024/03/29 v3.1b Micro-typographical refinements (RS)
(C:\Users\13791\AppData\Local\Programs\MiKTeX\tex/latex/graphics\keyval.sty
Package: keyval 2022/05/29 v1.15 key=value parser (DPC)
\KV@toks@=\toks24
) (C:\Users\13791\AppData\Local\Programs\MiKTeX\tex/latex/etoolbox\etoolbox.sty
Package: etoolbox 2020/10/05 v2.5k e-TeX tools for LaTeX (JAW)
\etb@tempcnta=\count273
)
\MT@toks=\toks25
\MT@tempbox=\box53
\MT@count=\count274
LaTeX Info: Redefining \noprotrusionifhmode on input line 1061.
LaTeX Info: Redefining \leftprotrusion on input line 1062.
\MT@prot@toks=\toks26
LaTeX Info: Redefining \rightprotrusion on input line 1081.
LaTeX Info: Redefining \textls on input line 1392.
\MT@outer@kern=\dimen150
LaTeX Info: Redefining \textmicrotypecontext on input line 2013.
\MT@listname@count=\count275

(C:\Users\13791\AppData\Local\Programs\MiKTeX\tex/latex/microtype\microtype-pdf
tex.def
File: microtype-pdftex.def 2024/03/29 v3.1b Definitions specific to pdftex (RS)

LaTeX Info: Redefining \lsstyle on input line 902.
LaTeX Info: Redefining \lslig on input line 902.
\MT@outer@space=\skip53
)
Package microtype Info: Loading configuration file microtype.cfg.

(C:\Users\13791\AppData\Local\Programs\MiKTeX\tex/latex/microtype\microtype.cfg
File: microtype.cfg 2024/03/29 v3.1b microtype main configuration file (RS)
)) (C:\Users\13791\AppData\Local\Programs\MiKTeX\tex/latex/parskip\parskip.sty
Package: parskip 2021-03-14 v2.0h non-zero parskip adjustments

(C:\Users\13791\AppData\Local\Programs\MiKTeX\tex/latex/kvoptions\kvoptions.sty
Package: kvoptions 2022-06-15 v3.15 Key value format for package options (HO)
(C:\Users\13791\AppData\Local\Programs\MiKTeX\tex/generic/ltxcmds\ltxcmds.sty
Package: ltxcmds 2023-12-04 v1.26 LaTeX kernel commands for general use (HO)
)
(C:\Users\13791\AppData\Local\Programs\MiKTeX\tex/latex/kvsetkeys\kvsetkeys.sty
Package: kvsetkeys 2022-10-05 v1.19 Key value parser (HO)
))) (C:\Users\13791\AppData\Local\Programs\MiKTeX\tex/latex/xcolor\xcolor.sty
Package: xcolor 2023/11/15 v3.01 LaTeX color extensions (UK)
(C:\Users\13791\AppData\Local\Programs\MiKTeX\tex/latex/graphics-cfg\color.cfg
File: color.cfg 2016/01/02 v1.6 sample color configuration
)
Package xcolor Info: Driver file: pdftex.def on input line 274.

(C:\Users\13791\AppData\Local\Programs\MiKTeX\tex/latex/graphics-def\pdftex.def
File: pdftex.def 2022/09/22 v1.2b Graphics/color driver for pdftex
) (C:\Users\13791\AppData\Local\Programs\MiKTeX\tex/latex/graphics\mathcolor.lt
x)
Package xcolor Info: Model `cmy' substituted by `cmy0' on input line 1350.
Package xcolor Info: Model `hsb' substituted by `rgb' on input line 1354.
Package xcolor Info: Model `RGB' extended on input line 1366.
Package xcolor Info: Model `HTML' substituted by `rgb' on input line 1368.
Package xcolor Info: Model `Hsb' substituted by `hsb' on input line 1369.
Package xcolor Info: Model `tHsb' substituted by `hsb' on input line 1370.
Package xcolor Info: Model `HSB' substituted by `hsb' on input line 1371.
Package xcolor Info: Model `Gray' substituted by `gray' on input line 1372.
Package xcolor Info: Model `wave' substituted by `hsb' on input line 1373.
) (C:\Users\13791\AppData\Local\Programs\MiKTeX\tex/latex/tools\longtable.sty
Package: longtable 2023-11-01 v4.19 Multi-page Table package (DPC)
\LTleft=\skip54
\LTright=\skip55
\LTpre=\skip56
\LTpost=\skip57
\LTchunksize=\count276
\LTcapwidth=\dimen151
\LT@head=\box54
\LT@firsthead=\box55
\LT@foot=\box56
\LT@lastfoot=\box57
\LT@gbox=\box58
\LT@cols=\count277
\LT@rows=\count278
\c@LT@tables=\count279
\c@LT@chunks=\count280
\LT@p@ftn=\toks27
) (C:\Users\13791\AppData\Local\Programs\MiKTeX\tex/latex/booktabs\booktabs.sty
Package: booktabs 2020/01/12 v1.61803398 Publication quality tables
\heavyrulewidth=\dimen152
\lightrulewidth=\dimen153
\cmidrulewidth=\dimen154
\belowrulesep=\dimen155
\belowbottomsep=\dimen156
\aboverulesep=\dimen157
\abovetopsep=\dimen158
\cmidrulesep=\dimen159
\cmidrulekern=\dimen160
\defaultaddspace=\dimen161
\@cmidla=\count281
\@cmidlb=\count282
\@aboverulesep=\dimen162
\@belowrulesep=\dimen163
\@thisruleclass=\count283
\@lastruleclass=\count284
\@thisrulewidth=\dimen164
) (C:\Users\13791\AppData\Local\Programs\MiKTeX\tex/latex/tools\array.sty
Package: array 2023/10/16 v2.5g Tabular extension package (FMi)
\col@sep=\dimen165
\ar@mcellbox=\box59
\extrarowheight=\dimen166
\NC@list=\toks28
\extratabsurround=\skip58
\backup@length=\skip59
\ar@cellbox=\box60
) (C:\Users\13791\AppData\Local\Programs\MiKTeX\tex/latex/tools\calc.sty
Package: calc 2023/07/08 v4.3 Infix arithmetic (KKT,FJ)
\calc@Acount=\count285
\calc@Bcount=\count286
\calc@Adimen=\dimen167
\calc@Bdimen=\dimen168
\calc@Askip=\skip60
\calc@Bskip=\skip61
LaTeX Info: Redefining \setlength on input line 80.
LaTeX Info: Redefining \addtolength on input line 81.
\calc@Ccount=\count287
\calc@Cskip=\skip62
)
(C:\Users\13791\AppData\Local\Programs\MiKTeX\tex/latex/footnotehyper\footnoteh
yper.sty
Package: footnotehyper 2021/08/13 v1.1e hyperref aware footnote.sty (JFB)
\FNH@notes=\box61
\FNH@width=\dimen169
\FNH@toks=\toks29
) (C:\Users\13791\AppData\Local\Programs\MiKTeX\tex/latex/graphics\graphicx.sty
Package: graphicx 2021/09/16 v1.2d Enhanced LaTeX Graphics (DPC,SPQR)
(C:\Users\13791\AppData\Local\Programs\MiKTeX\tex/latex/graphics\graphics.sty
Package: graphics 2022/03/10 v1.4e Standard LaTeX Graphics (DPC,SPQR)
(C:\Users\13791\AppData\Local\Programs\MiKTeX\tex/latex/graphics\trig.sty
Package: trig 2021/08/11 v1.11 sin cos tan (DPC)
)
(C:\Users\13791\AppData\Local\Programs\MiKTeX\tex/latex/graphics-cfg\graphics.c
fg
File: graphics.cfg 2016/06/04 v1.11 sample graphics configuration
)
Package graphics Info: Driver file: pdftex.def on input line 107.
)
\Gin@req@height=\dimen170
\Gin@req@width=\dimen171
) (C:\Users\13791\AppData\Local\Programs\MiKTeX\tex/latex/geometry\geometry.sty
Package: geometry 2020/01/02 v5.9 Page Geometry
(C:\Users\13791\AppData\Local\Programs\MiKTeX\tex/generic/iftex\ifvtex.sty
Package: ifvtex 2019/10/25 v1.7 ifvtex legacy package. Use iftex instead.
)
\Gm@cnth=\count288
\Gm@cntv=\count289
\c@Gm@tempcnt=\count290
\Gm@bindingoffset=\dimen172
\Gm@wd@mp=\dimen173
\Gm@odd@mp=\dimen174
\Gm@even@mp=\dimen175
\Gm@layoutwidth=\dimen176
\Gm@layoutheight=\dimen177
\Gm@layouthoffset=\dimen178
\Gm@layoutvoffset=\dimen179
\Gm@dimlist=\toks30
(C:\Users\13791\AppData\Local\Programs\MiKTeX\tex/latex/geometry\geometry.cfg))
(C:\Users\13791\AppData\Local\Programs\MiKTeX\tex/latex/tools\enumerate.sty
Package: enumerate 2023/07/04 v3.00 enumerate extensions (DPC)
\@enLab=\toks31
) (C:\Users\13791\AppData\Local\Programs\MiKTeX\tex/latex/base\latexsym.sty
Package: latexsym 1998/08/17 v2.2e Standard LaTeX package (lasy symbols)
\symlasy=\mathgroup6
LaTeX Font Info:    Overwriting symbol font `lasy' in version `bold'
(Font)                  U/lasy/m/n --> U/lasy/b/n on input line 52.
) (C:\Users\13791\AppData\Local\Programs\MiKTeX\tex/latex/hyperref\hyperref.sty
Package: hyperref 2023-11-26 v7.01g Hypertext links for LaTeX

(C:\Users\13791\AppData\Local\Programs\MiKTeX\tex/generic/infwarerr\infwarerr.s
ty
Package: infwarerr 2019/12/03 v1.5 Providing info/warning/error messages (HO)
)
(C:\Users\13791\AppData\Local\Programs\MiKTeX\tex/generic/kvdefinekeys\kvdefine
keys.sty
Package: kvdefinekeys 2019-12-19 v1.6 Define keys (HO)
)
(C:\Users\13791\AppData\Local\Programs\MiKTeX\tex/generic/pdfescape\pdfescape.s
ty
Package: pdfescape 2019/12/09 v1.15 Implements pdfTeX's escape features (HO)

(C:\Users\13791\AppData\Local\Programs\MiKTeX\tex/generic/pdftexcmds\pdftexcmds
.sty
Package: pdftexcmds 2020-06-27 v0.33 Utility functions of pdfTeX for LuaTeX (HO
)
Package pdftexcmds Info: \pdf@primitive is available.
Package pdftexcmds Info: \pdf@ifprimitive is available.
Package pdftexcmds Info: \pdfdraftmode found.
)) (C:\Users\13791\AppData\Local\Programs\MiKTeX\tex/latex/hycolor\hycolor.sty
Package: hycolor 2020-01-27 v1.10 Color options for hyperref/bookmark (HO)
)
(C:\Users\13791\AppData\Local\Programs\MiKTeX\tex/latex/letltxmacro\letltxmacro
.sty
Package: letltxmacro 2019/12/03 v1.6 Let assignment for LaTeX macros (HO)
) (C:\Users\13791\AppData\Local\Programs\MiKTeX\tex/latex/auxhook\auxhook.sty
Package: auxhook 2019-12-17 v1.6 Hooks for auxiliary files (HO)
) (C:\Users\13791\AppData\Local\Programs\MiKTeX\tex/latex/hyperref\nameref.sty
Package: nameref 2023-11-26 v2.56 Cross-referencing by name of section
(C:\Users\13791\AppData\Local\Programs\MiKTeX\tex/latex/refcount\refcount.sty
Package: refcount 2019/12/15 v3.6 Data extraction from label references (HO)
)
(C:\Users\13791\AppData\Local\Programs\MiKTeX\tex/generic/gettitlestring\gettit
lestring.sty
Package: gettitlestring 2019/12/15 v1.6 Cleanup title references (HO)
)
\c@section@level=\count291
)
\@linkdim=\dimen180
\Hy@linkcounter=\count292
\Hy@pagecounter=\count293
(C:\Users\13791\AppData\Local\Programs\MiKTeX\tex/latex/hyperref\pd1enc.def
File: pd1enc.def 2023-11-26 v7.01g Hyperref: PDFDocEncoding definition (HO)
Now handling font encoding PD1 ...
... no UTF-8 mapping file for font encoding PD1
) (C:\Users\13791\AppData\Local\Programs\MiKTeX\tex/generic/intcalc\intcalc.sty
Package: intcalc 2019/12/15 v1.3 Expandable calculations with integers (HO)
)
\Hy@SavedSpaceFactor=\count294
(C:\Users\13791\AppData\Local\Programs\MiKTeX\tex/latex/hyperref\puenc.def
File: puenc.def 2023-11-26 v7.01g Hyperref: PDF Unicode definition (HO)
Now handling font encoding PU ...
... no UTF-8 mapping file for font encoding PU
)
Package hyperref Info: Option `unicode' set `true' on input line 4064.
Package hyperref Info: Hyper figures OFF on input line 4181.
Package hyperref Info: Link nesting OFF on input line 4186.
Package hyperref Info: Hyper index ON on input line 4189.
Package hyperref Info: Plain pages OFF on input line 4196.
Package hyperref Info: Backreferencing OFF on input line 4201.
Package hyperref Info: Implicit mode ON; LaTeX internals redefined.
Package hyperref Info: Bookmarks ON on input line 4448.
\c@Hy@tempcnt=\count295
(C:\Users\13791\AppData\Local\Programs\MiKTeX\tex/latex/url\url.sty
\Urlmuskip=\muskip17
Package: url 2013/09/16  ver 3.4  Verb mode for urls, etc.
)
LaTeX Info: Redefining \url on input line 4786.
\XeTeXLinkMargin=\dimen181
(C:\Users\13791\AppData\Local\Programs\MiKTeX\tex/generic/bitset\bitset.sty
Package: bitset 2019/12/09 v1.3 Handle bit-vector datatype (HO)

(C:\Users\13791\AppData\Local\Programs\MiKTeX\tex/generic/bigintcalc\bigintcalc
.sty
Package: bigintcalc 2019/12/15 v1.5 Expandable calculations on big integers (HO
)
))
\Fld@menulength=\count296
\Field@Width=\dimen182
\Fld@charsize=\dimen183
Package hyperref Info: Hyper figures OFF on input line 6065.
Package hyperref Info: Link nesting OFF on input line 6070.
Package hyperref Info: Hyper index ON on input line 6073.
Package hyperref Info: backreferencing OFF on input line 6080.
Package hyperref Info: Link coloring OFF on input line 6085.
Package hyperref Info: Link coloring with OCG OFF on input line 6090.
Package hyperref Info: PDF/A mode OFF on input line 6095.
(C:\Users\13791\AppData\Local\Programs\MiKTeX\tex/latex/base\atbegshi-ltx.sty
Package: atbegshi-ltx 2021/01/10 v1.0c Emulation of the original atbegshi
package with kernel methods
)
\Hy@abspage=\count297
\c@Item=\count298
\c@Hfootnote=\count299
)
Package hyperref Info: Driver (autodetected): hpdftex.
(C:\Users\13791\AppData\Local\Programs\MiKTeX\tex/latex/hyperref\hpdftex.def
File: hpdftex.def 2023-11-26 v7.01g Hyperref driver for pdfTeX
(C:\Users\13791\AppData\Local\Programs\MiKTeX\tex/latex/base\atveryend-ltx.sty
Package: atveryend-ltx 2020/08/19 v1.0a Emulation of the original atveryend pac
kage
with kernel methods
)
\Fld@listcount=\count300
\c@bookmark@seq@number=\count301

(C:\Users\13791\AppData\Local\Programs\MiKTeX\tex/latex/rerunfilecheck\rerunfil
echeck.sty
Package: rerunfilecheck 2022-07-10 v1.10 Rerun checks for auxiliary files (HO)

(C:\Users\13791\AppData\Local\Programs\MiKTeX\tex/generic/uniquecounter\uniquec
ounter.sty
Package: uniquecounter 2019/12/15 v1.4 Provide unlimited unique counter (HO)
)
Package uniquecounter Info: New unique counter `rerunfilecheck' on input line 2
85.
)
\Hy@SectionHShift=\skip63
) (C:\Users\13791\AppData\Local\Programs\MiKTeX\tex/latex/setspace\setspace.sty
Package: setspace 2022/12/04 v6.7b set line spacing
) (C:\Users\13791\AppData\Local\Programs\MiKTeX\tex/latex/multirow\multirow.sty
Package: multirow 2021/03/15 v2.8 Span multiple rows of a table
\multirow@colwidth=\skip64
\multirow@cntb=\count302
\multirow@dima=\skip65
\bigstrutjot=\dimen184
) (C:\Users\13791\AppData\Local\Programs\MiKTeX\tex/latex/wrapfig\wrapfig.sty
\wrapoverhang=\dimen185
\WF@size=\dimen186
\c@WF@wrappedlines=\count303
\WF@box=\box62
\WF@everypar=\toks32
Package: wrapfig 2003/01/31  v 3.6
) (C:\Users\13791\AppData\Local\Programs\MiKTeX\tex/latex/float\float.sty
Package: float 2001/11/08 v1.3d Float enhancements (AL)
\c@float@type=\count304
\float@exts=\toks33
\float@box=\box63
\@float@everytoks=\toks34
\@floatcapt=\box64
) (C:\Users\13791\AppData\Local\Programs\MiKTeX\tex/latex/colortbl\colortbl.sty
Package: colortbl 2024/07/06 v1.0i Color table columns (DPC)
\everycr=\toks35
\minrowclearance=\skip66
\rownum=\count305
)
(C:\Users\13791\AppData\Local\Programs\MiKTeX\tex/latex/pdflscape\pdflscape.sty
Package: pdflscape 2022-10-27 v0.13 Display of landscape pages in PDF

(C:\Users\13791\AppData\Local\Programs\MiKTeX\tex/latex/pdflscape\pdflscape-nom
etadata.sty
Package: pdflscape-nometadata 2022-10-28 v0.13 Display of landscape pages in PD
F (HO)
(C:\Users\13791\AppData\Local\Programs\MiKTeX\tex/latex/graphics\lscape.sty
Package: lscape 2020/05/28 v3.02 Landscape Pages (DPC)
)
Package pdflscape Info: Auto-detected driver: pdftex on input line 81.
)) (C:\Users\13791\AppData\Local\Programs\MiKTeX\tex/latex/tabu\tabu.sty
Package: tabu 2019/01/11 v2.9 - flexible LaTeX tabulars (FC+tabu-fixed)
(C:\Users\13791\AppData\Local\Programs\MiKTeX\tex/latex/varwidth\varwidth.sty
Package: varwidth 2009/03/30 ver 0.92;  Variable-width minipages
\@vwid@box=\box65
\sift@deathcycles=\count306
\@vwid@loff=\dimen187
\@vwid@roff=\dimen188
)
\c@taburow=\count307
\tabu@nbcols=\count308
\tabu@cnt=\count309
\tabu@Xcol=\count310
\tabu@alloc=\count311
\tabu@nested=\count312
\tabu@target=\dimen189
\tabu@spreadtarget=\dimen190
\tabu@naturalX=\dimen191
\tabucolX=\dimen192
\tabu@Xsum=\dimen193
\extrarowdepth=\dimen194
\abovetabulinesep=\dimen195
\belowtabulinesep=\dimen196
\tabustrutrule=\dimen197
\tabu@thebody=\toks36
\tabu@footnotes=\toks37
\tabu@box=\box66
\tabu@arstrutbox=\box67
\tabu@hleads=\box68
\tabu@vleads=\box69
\tabu@cellskip=\skip67
)
(C:\Users\13791\AppData\Local\Programs\MiKTeX\tex/latex/threeparttable\threepar
ttable.sty
Package: threeparttable 2003/06/13  v 3.0
\@tempboxb=\box70
)
(C:\Users\13791\AppData\Local\Programs\MiKTeX\tex/latex/threeparttablex\threepa
rttablex.sty
Package: threeparttablex 2013/07/23 v0.3 by daleif
(C:\Users\13791\AppData\Local\Programs\MiKTeX\tex/latex/environ\environ.sty
Package: environ 2014/05/04 v0.3 A new way to define environments

(C:\Users\13791\AppData\Local\Programs\MiKTeX\tex/latex/trimspaces\trimspaces.s
ty
Package: trimspaces 2009/09/17 v1.1 Trim spaces around a token list
))
\TPTL@width=\skip68
) (C:\Users\13791\AppData\Local\Programs\MiKTeX\tex/latex/ulem\ulem.sty
\UL@box=\box71
\UL@hyphenbox=\box72
\UL@skip=\skip69
\UL@hook=\toks38
\UL@height=\dimen198
\UL@pe=\count313
\UL@pixel=\dimen199
\ULC@box=\box73
Package: ulem 2019/11/18
\ULdepth=\dimen256
) (C:\Users\13791\AppData\Local\Programs\MiKTeX\tex/latex/makecell\makecell.sty
Package: makecell 2009/08/03 V0.1e Managing of Tab Column Heads and Cells
\rotheadsize=\dimen257
\c@nlinenum=\count314
\TeXr@lab=\toks39
)
\c@Definition=\count315
\c@Theorem=\count316
\c@Lemma=\count317
\c@Corollary=\count318
\c@Proposition=\count319
\c@Algorithm=\count320
(C:\Users\13791\AppData\Local\Programs\MiKTeX\tex/latex/bookmark\bookmark.sty
Package: bookmark 2023-12-10 v1.31 PDF bookmarks (HO)

(C:\Users\13791\AppData\Local\Programs\MiKTeX\tex/latex/bookmark\bkm-pdftex.def
File: bkm-pdftex.def 2023-12-10 v1.31 bookmark driver for pdfTeX and luaTeX (HO
)
\BKM@id=\count321
)) (C:\Users\13791\AppData\Local\Programs\MiKTeX\tex/latex/xurl\xurl.sty
Package: xurl 2022/01/09 v 0.10 modify URL breaks
)
LaTeX Font Info:    Trying to load font information for T1+lmr on input line 11
6.
(C:\Users\13791\AppData\Local\Programs\MiKTeX\tex/latex/lm\t1lmr.fd
File: t1lmr.fd 2015/05/01 v1.6.1 Font defs for Latin Modern
)
(C:\Users\13791\AppData\Local\Programs\MiKTeX\tex/latex/l3backend\l3backend-pdf
tex.def
File: l3backend-pdftex.def 2024-01-04 L3 backend support: PDF output (pdfTeX)
\l__color_backend_stack_int=\count322
\l__pdf_internal_box=\box74
) (SwDS.aux)
\openout1 = `SwDS.aux'.

LaTeX Font Info:    Checking defaults for OML/cmm/m/it on input line 116.
LaTeX Font Info:    ... okay on input line 116.
LaTeX Font Info:    Checking defaults for OMS/cmsy/m/n on input line 116.
LaTeX Font Info:    ... okay on input line 116.
LaTeX Font Info:    Checking defaults for OT1/cmr/m/n on input line 116.
LaTeX Font Info:    ... okay on input line 116.
LaTeX Font Info:    Checking defaults for T1/cmr/m/n on input line 116.
LaTeX Font Info:    ... okay on input line 116.
LaTeX Font Info:    Checking defaults for TS1/cmr/m/n on input line 116.
LaTeX Font Info:    ... okay on input line 116.
LaTeX Font Info:    Checking defaults for OMX/cmex/m/n on input line 116.
LaTeX Font Info:    ... okay on input line 116.
LaTeX Font Info:    Checking defaults for U/cmr/m/n on input line 116.
LaTeX Font Info:    ... okay on input line 116.
LaTeX Font Info:    Checking defaults for PD1/pdf/m/n on input line 116.
LaTeX Font Info:    ... okay on input line 116.
LaTeX Font Info:    Checking defaults for PU/pdf/m/n on input line 116.
LaTeX Font Info:    ... okay on input line 116.
LaTeX Info: Redefining \microtypecontext on input line 116.
Package microtype Info: Applying patch `item' on input line 116.
Package microtype Info: Applying patch `toc' on input line 116.
Package microtype Info: Applying patch `eqnum' on input line 116.

Package microtype Warning: Unable to apply patch `footnote' on input line 116.

Package microtype Info: Applying patch `verbatim' on input line 116.
Package microtype Info: Generating PDF output.
Package microtype Info: Character protrusion enabled (level 2).
Package microtype Info: Using protrusion set `basicmath'.
Package microtype Info: Automatic font expansion enabled (level 2),
(microtype)             stretch: 20, shrink: 20, step: 1, non-selected.
Package microtype Info: Using default expansion set `alltext-nott'.
LaTeX Info: Redefining \showhyphens on input line 116.
Package microtype Info: No adjustment of tracking.
Package microtype Info: No adjustment of interword spacing.
Package microtype Info: No adjustment of character kerning.
(C:\Users\13791\AppData\Local\Programs\MiKTeX\tex/latex/microtype\mt-cmr.cfg
File: mt-cmr.cfg 2013/05/19 v2.2 microtype config. file: Computer Modern Roman 
(RS)
)
(C:\Users\13791\AppData\Local\Programs\MiKTeX\tex/context/base/mkii\supp-pdf.mk
ii
[Loading MPS to PDF converter (version 2006.09.02).]
\scratchcounter=\count323
\scratchdimen=\dimen258
\scratchbox=\box75
\nofMPsegments=\count324
\nofMParguments=\count325
\everyMPshowfont=\toks40
\MPscratchCnt=\count326
\MPscratchDim=\dimen259
\MPnumerator=\count327
\makeMPintoPDFobject=\count328
\everyMPtoPDFconversion=\toks41
)
(C:\Users\13791\AppData\Local\Programs\MiKTeX\tex/latex/epstopdf-pkg\epstopdf-b
ase.sty
Package: epstopdf-base 2020-01-24 v2.11 Base part for package epstopdf
Package epstopdf-base Info: Redefining graphics rule for `.eps' on input line 4
85.

(C:\Users\13791\AppData\Local\Programs\MiKTeX\tex/latex/00miktex\epstopdf-sys.c
fg
File: epstopdf-sys.cfg 2021/03/18 v2.0 Configuration of epstopdf for MiKTeX
))
*geometry* driver: auto-detecting
*geometry* detected driver: pdftex
*geometry* verbose mode - [ preamble ] result:
* driver: pdftex
* paper: a4paper
* layout: <same size as paper>
* layoutoffset:(h,v)=(0.0pt,0.0pt)
* modes: twoside 
* h-part:(L,W,R)=(56.9055pt, 483.69687pt, 56.9055pt)
* v-part:(T,H,B)=(56.9055pt, 731.23584pt, 56.9055pt)
* \paperwidth=597.50787pt
* \paperheight=845.04684pt
* \textwidth=483.69687pt
* \textheight=731.23584pt
* \oddsidemargin=-15.36449pt
* \evensidemargin=-15.36449pt
* \topmargin=-52.36449pt
* \headheight=12.0pt
* \headsep=25.0pt
* \topskip=11.0pt
* \footskip=30.0pt
* \marginparwidth=113.0pt
* \marginparsep=10.0pt
* \columnsep=10.0pt
* \skip\footins=10.0pt plus 4.0pt minus 2.0pt
* \hoffset=0.0pt
* \voffset=0.0pt
* \mag=1000
* \@twocolumnfalse
* \@twosidetrue
* \@mparswitchtrue
* \@reversemarginfalse
* (1in=72.27pt=25.4mm, 1cm=28.453pt)

Package hyperref Info: Link coloring OFF on input line 116.
<CentredLogoCMYK.jpg, id=3, 803.0pt x 641.39626pt>
File: CentredLogoCMYK.jpg Graphic file (type jpg)
<use CentredLogoCMYK.jpg>
Package pdftex.def Info: CentredLogoCMYK.jpg  used on input line 130.
(pdftex.def)             Requested size: 179.9933pt x 143.76964pt.
[1

{C:/Users/13791/AppData/Local/MiKTeX/fonts/map/pdftex/pdftex.map}{C:/Users/1379
1/AppData/Local/Programs/MiKTeX/fonts/enc/dvips/lm/lm-ec.enc} <./CentredLogoCMY
K.jpg>] [2

]
LaTeX Font Info:    Trying to load font information for OT1+lmr on input line 1
62.
(C:\Users\13791\AppData\Local\Programs\MiKTeX\tex/latex/lm\ot1lmr.fd
File: ot1lmr.fd 2015/05/01 v1.6.1 Font defs for Latin Modern
)
LaTeX Font Info:    Trying to load font information for OML+lmm on input line 1
62.
(C:\Users\13791\AppData\Local\Programs\MiKTeX\tex/latex/lm\omllmm.fd
File: omllmm.fd 2015/05/01 v1.6.1 Font defs for Latin Modern
)
LaTeX Font Info:    Trying to load font information for OMS+lmsy on input line 
162.
(C:\Users\13791\AppData\Local\Programs\MiKTeX\tex/latex/lm\omslmsy.fd
File: omslmsy.fd 2015/05/01 v1.6.1 Font defs for Latin Modern
)
LaTeX Font Info:    Trying to load font information for OMX+lmex on input line 
162.
(C:\Users\13791\AppData\Local\Programs\MiKTeX\tex/latex/lm\omxlmex.fd
File: omxlmex.fd 2015/05/01 v1.6.1 Font defs for Latin Modern
)
LaTeX Font Info:    External font `lmex10' loaded for size
(Font)              <10.95> on input line 162.
LaTeX Font Info:    External font `lmex10' loaded for size
(Font)              <8> on input line 162.
LaTeX Font Info:    External font `lmex10' loaded for size
(Font)              <6> on input line 162.
LaTeX Font Info:    Trying to load font information for U+msa on input line 162
.
(C:\Users\13791\AppData\Local\Programs\MiKTeX\tex/latex/amsfonts\umsa.fd
File: umsa.fd 2013/01/14 v3.01 AMS symbols A
) (C:\Users\13791\AppData\Local\Programs\MiKTeX\tex/latex/microtype\mt-msa.cfg
File: mt-msa.cfg 2006/02/04 v1.1 microtype config. file: AMS symbols (a) (RS)
)
LaTeX Font Info:    Trying to load font information for U+msb on input line 162
.
(C:\Users\13791\AppData\Local\Programs\MiKTeX\tex/latex/amsfonts\umsb.fd
File: umsb.fd 2013/01/14 v3.01 AMS symbols B
) (C:\Users\13791\AppData\Local\Programs\MiKTeX\tex/latex/microtype\mt-msb.cfg
File: mt-msb.cfg 2005/06/01 v1.0 microtype config. file: AMS symbols (b) (RS)
)
LaTeX Font Info:    Trying to load font information for U+lasy on input line 16
2.
(C:\Users\13791\AppData\Local\Programs\MiKTeX\tex/latex/base\ulasy.fd
File: ulasy.fd 1998/08/17 v2.2e LaTeX symbol font definitions
) [3{C:/Users/13791/AppData/Local/Programs/MiKTeX/fonts/enc/dvips/lm/lm-mathit.
enc}]
LaTeX Font Info:    Trying to load font information for TS1+lmr on input line 2
04.
(C:\Users\13791\AppData\Local\Programs\MiKTeX\tex/latex/lm\ts1lmr.fd
File: ts1lmr.fd 2015/05/01 v1.6.1 Font defs for Latin Modern
)
<signature.jpg, id=22, 419.31656pt x 231.86626pt>
File: signature.jpg Graphic file (type jpg)
<use signature.jpg>
Package pdftex.def Info: signature.jpg  used on input line 221.
(pdftex.def)             Requested size: 150.0005pt x 82.94461pt.
[4

{C:/Users/13791/AppData/Local/Programs/MiKTeX/fonts/enc/dvips/lm/lm-ts1.enc} <.
/signature.jpg>] (SwDS.toc)
\tf@toc=\write3
\openout3 = `SwDS.toc'.

[1

] (SwDS.lot)
\tf@lot=\write4
\openout4 = `SwDS.lot'.

(SwDS.lof)
\tf@lof=\write5
\openout5 = `SwDS.lof'.

[2

]
LaTeX Font Info:    Trying to load font information for T1+lmtt on input line 2
62.
(C:\Users\13791\AppData\Local\Programs\MiKTeX\tex/latex/lm\t1lmtt.fd
File: t1lmtt.fd 2015/05/01 v1.6.1 Font defs for Latin Modern
)
pdfTeX warning (ext4): destination with the same identifier (name{page.1}) has 
been already used, duplicate ignored
<to be read again> 
                   \relax 
l.266 \newpage
               [1


]
pdfTeX warning (ext4): destination with the same identifier (name{page.2}) has 
been already used, duplicate ignored
<to be read again> 
                   \relax 
l.302 
       [2{C:/Users/13791/AppData/Local/Programs/MiKTeX/fonts/enc/dvips/lm/lm-rm
.enc}{C:/Users/13791/AppData/Local/Programs/MiKTeX/fonts/enc/dvips/lm/lm-mathsy
.enc}{C:/Users/13791/AppData/Local/Programs/MiKTeX/fonts/enc/dvips/lm/lm-mathex
.enc}]
pdfTeX warning (ext4): destination with the same identifier (name{page.3}) has 
been already used, duplicate ignored
<to be read again> 
                   \relax 
l.328 \newpage
               [3]
LaTeX Font Info:    External font `lmex10' loaded for size
(Font)              <12> on input line 336.
<SwDS_files/figure-latex/unnamed-chunk-16-1.pdf, id=141, 505.89pt x 252.945pt>
File: SwDS_files/figure-latex/unnamed-chunk-16-1.pdf Graphic file (type pdf)
<use SwDS_files/figure-latex/unnamed-chunk-16-1.pdf>
Package pdftex.def Info: SwDS_files/figure-latex/unnamed-chunk-16-1.pdf  used o
n input line 344.
(pdftex.def)             Requested size: 483.70361pt x 241.8518pt.

pdfTeX warning (ext4): destination with the same identifier (name{page.4}) has 
been already used, duplicate ignored
<to be read again> 
                   \relax 
l.349 
       [4
pdfTeX warning (ext4): destination with the same identifier (name{figure.1}) ha
s been already used, duplicate ignored
<argument> ...shipout:D \box_use:N \l_shipout_box 
                                                  \__shipout_drop_firstpage_...
l.349 
       <./SwDS_files/figure-latex/unnamed-chunk-16-1.pdf>]
<SwDS_files/figure-latex/unnamed-chunk-31-1.pdf, id=154, 469.755pt x 325.215pt>

File: SwDS_files/figure-latex/unnamed-chunk-31-1.pdf Graphic file (type pdf)
<use SwDS_files/figure-latex/unnamed-chunk-31-1.pdf>
Package pdftex.def Info: SwDS_files/figure-latex/unnamed-chunk-31-1.pdf  used o
n input line 361.
(pdftex.def)             Requested size: 469.75386pt x 325.2142pt.
[5
pdfTeX warning (ext4): destination with the same identifier (name{figure.2}) ha
s been already used, duplicate ignored
<argument> ...shipout:D \box_use:N \l_shipout_box 
                                                  \__shipout_drop_firstpage_...
l.366 
       <./SwDS_files/figure-latex/unnamed-chunk-31-1.pdf>] [6]
<SwDS_files/figure-latex/unnamed-chunk-35-1.pdf, id=172, 469.755pt x 361.35pt>
File: SwDS_files/figure-latex/unnamed-chunk-35-1.pdf Graphic file (type pdf)
<use SwDS_files/figure-latex/unnamed-chunk-35-1.pdf>
Package pdftex.def Info: SwDS_files/figure-latex/unnamed-chunk-35-1.pdf  used o
n input line 371.
(pdftex.def)             Requested size: 469.75386pt x 361.34912pt.
<SwDS_files/figure-latex/unnamed-chunk-36-1.pdf, id=173, 469.755pt x 252.945pt>

File: SwDS_files/figure-latex/unnamed-chunk-36-1.pdf Graphic file (type pdf)
<use SwDS_files/figure-latex/unnamed-chunk-36-1.pdf>
Package pdftex.def Info: SwDS_files/figure-latex/unnamed-chunk-36-1.pdf  used o
n input line 377.
(pdftex.def)             Requested size: 469.75386pt x 252.94438pt.
[7
pdfTeX warning (ext4): destination with the same identifier (name{figure.3}) ha
s been already used, duplicate ignored
<argument> ...shipout:D \box_use:N \l_shipout_box 
                                                  \__shipout_drop_firstpage_...
l.383 \newpage
               <./SwDS_files/figure-latex/unnamed-chunk-35-1.pdf>]
<SwDS_files/figure-latex/unnamed-chunk-40-1.pdf, id=187, 469.755pt x 325.215pt>

File: SwDS_files/figure-latex/unnamed-chunk-40-1.pdf Graphic file (type pdf)
<use SwDS_files/figure-latex/unnamed-chunk-40-1.pdf>
Package pdftex.def Info: SwDS_files/figure-latex/unnamed-chunk-40-1.pdf  used o
n input line 400.
(pdftex.def)             Requested size: 469.75386pt x 325.2142pt.
[8
pdfTeX warning (ext4): destination with the same identifier (name{figure.4}) ha
s been already used, duplicate ignored
<argument> ...shipout:D \box_use:N \l_shipout_box 
                                                  \__shipout_drop_firstpage_...
l.404 \newpage
               <./SwDS_files/figure-latex/unnamed-chunk-36-1.pdf>]
<SwDS_files/figure-latex/unnamed-chunk-41-1.pdf, id=200, 469.755pt x 325.215pt>

File: SwDS_files/figure-latex/unnamed-chunk-41-1.pdf Graphic file (type pdf)
<use SwDS_files/figure-latex/unnamed-chunk-41-1.pdf>
Package pdftex.def Info: SwDS_files/figure-latex/unnamed-chunk-41-1.pdf  used o
n input line 408.
(pdftex.def)             Requested size: 469.75386pt x 325.2142pt.
<SwDS_files/figure-latex/unnamed-chunk-45-1.pdf, id=201, 469.755pt x 325.215pt>

File: SwDS_files/figure-latex/unnamed-chunk-45-1.pdf Graphic file (type pdf)
<use SwDS_files/figure-latex/unnamed-chunk-45-1.pdf>
Package pdftex.def Info: SwDS_files/figure-latex/unnamed-chunk-45-1.pdf  used o
n input line 416.
(pdftex.def)             Requested size: 469.75386pt x 325.2142pt.
[9
pdfTeX warning (ext4): destination with the same identifier (name{figure.5}) ha
s been already used, duplicate ignored
<argument> ...shipout:D \box_use:N \l_shipout_box 
                                                  \__shipout_drop_firstpage_...
l.420 \newpage
               <./SwDS_files/figure-latex/unnamed-chunk-40-1.pdf>]
<SwDS_files/figure-latex/unnamed-chunk-47-1.pdf, id=214, 469.755pt x 325.215pt>

File: SwDS_files/figure-latex/unnamed-chunk-47-1.pdf Graphic file (type pdf)
<use SwDS_files/figure-latex/unnamed-chunk-47-1.pdf>
Package pdftex.def Info: SwDS_files/figure-latex/unnamed-chunk-47-1.pdf  used o
n input line 431.
(pdftex.def)             Requested size: 469.75386pt x 325.2142pt.
<SwDS_files/figure-latex/unnamed-chunk-48-1.pdf, id=215, 469.755pt x 325.215pt>

File: SwDS_files/figure-latex/unnamed-chunk-48-1.pdf Graphic file (type pdf)
<use SwDS_files/figure-latex/unnamed-chunk-48-1.pdf>
Package pdftex.def Info: SwDS_files/figure-latex/unnamed-chunk-48-1.pdf  used o
n input line 437.
(pdftex.def)             Requested size: 469.75386pt x 325.2142pt.
[10
pdfTeX warning (ext4): destination with the same identifier (name{figure.6}) ha
s been already used, duplicate ignored
<argument> ...shipout:D \box_use:N \l_shipout_box 
                                                  \__shipout_drop_firstpage_...
l.441 \newpage
               <./SwDS_files/figure-latex/unnamed-chunk-41-1.pdf>] [11
pdfTeX warning (ext4): destination with the same identifier (name{figure.7}) ha
s been already used, duplicate ignored
<argument> ...shipout:D \box_use:N \l_shipout_box 
                                                  \__shipout_drop_firstpage_...
l.441 \newpage
              
pdfTeX warning (ext4): destination with the same identifier (name{figure.8}) ha
s been already used, duplicate ignored
<argument> ...shipout:D \box_use:N \l_shipout_box 
                                                  \__shipout_drop_firstpage_...
l.441 \newpage
               <./SwDS_files/figure-latex/unnamed-chunk-45-1.pdf> <./SwDS_files
/figure-latex/unnamed-chunk-47-1.pdf>]
<SwDS_files/figure-latex/unnamed-chunk-52-1.pdf, id=250, 469.755pt x 325.215pt>

File: SwDS_files/figure-latex/unnamed-chunk-52-1.pdf Graphic file (type pdf)
<use SwDS_files/figure-latex/unnamed-chunk-52-1.pdf>
Package pdftex.def Info: SwDS_files/figure-latex/unnamed-chunk-52-1.pdf  used o
n input line 450.
(pdftex.def)             Requested size: 469.75386pt x 325.2142pt.
[12
pdfTeX warning (ext4): destination with the same identifier (name{figure.9}) ha
s been already used, duplicate ignored
<argument> ...shipout:D \box_use:N \l_shipout_box 
                                                  \__shipout_drop_firstpage_...
l.467 
       <./SwDS_files/figure-latex/unnamed-chunk-48-1.pdf>]
<SwDS_files/figure-latex/unnamed-chunk-64-1.pdf, id=265, 469.755pt x 325.215pt>

File: SwDS_files/figure-latex/unnamed-chunk-64-1.pdf Graphic file (type pdf)
<use SwDS_files/figure-latex/unnamed-chunk-64-1.pdf>
Package pdftex.def Info: SwDS_files/figure-latex/unnamed-chunk-64-1.pdf  used o
n input line 472.
(pdftex.def)             Requested size: 469.75386pt x 325.2142pt.
[13
pdfTeX warning (ext4): destination with the same identifier (name{figure.10}) h
as been already used, duplicate ignored
<argument> ...shipout:D \box_use:N \l_shipout_box 
                                                  \__shipout_drop_firstpage_...
l.478 \newpage
               <./SwDS_files/figure-latex/unnamed-chunk-52-1.pdf>] [14
pdfTeX warning (ext4): destination with the same identifier (name{figure.11}) h
as been already used, duplicate ignored
<argument> ...shipout:D \box_use:N \l_shipout_box 
                                                  \__shipout_drop_firstpage_...
l.509 
       <./SwDS_files/figure-latex/unnamed-chunk-64-1.pdf>]
<SwDS_files/figure-latex/unnamed-chunk-66-1.pdf, id=292, 469.755pt x 289.08pt>
File: SwDS_files/figure-latex/unnamed-chunk-66-1.pdf Graphic file (type pdf)
<use SwDS_files/figure-latex/unnamed-chunk-66-1.pdf>
Package pdftex.def Info: SwDS_files/figure-latex/unnamed-chunk-66-1.pdf  used o
n input line 512.
(pdftex.def)             Requested size: 469.75386pt x 289.07928pt.
[15
pdfTeX warning (ext4): destination with the same identifier (name{table.1}) has
 been already used, duplicate ignored
<argument> ...shipout:D \box_use:N \l_shipout_box 
                                                  \__shipout_drop_firstpage_...
l.516 \newpage
              
pdfTeX warning (ext4): destination with the same identifier (name{figure.12}) h
as been already used, duplicate ignored
<argument> ...shipout:D \box_use:N \l_shipout_box 
                                                  \__shipout_drop_firstpage_...
l.516 \newpage
               <./SwDS_files/figure-latex/unnamed-chunk-66-1.pdf>]
<SwDS_files/figure-latex/unnamed-chunk-72-1.pdf, id=302, 469.755pt x 289.08pt>
File: SwDS_files/figure-latex/unnamed-chunk-72-1.pdf Graphic file (type pdf)
<use SwDS_files/figure-latex/unnamed-chunk-72-1.pdf>
Package pdftex.def Info: SwDS_files/figure-latex/unnamed-chunk-72-1.pdf  used o
n input line 527.
(pdftex.def)             Requested size: 469.75386pt x 289.07928pt.
<SwDS_files/figure-latex/unnamed-chunk-73-1.pdf, id=303, 469.755pt x 289.08pt>
File: SwDS_files/figure-latex/unnamed-chunk-73-1.pdf Graphic file (type pdf)
<use SwDS_files/figure-latex/unnamed-chunk-73-1.pdf>
Package pdftex.def Info: SwDS_files/figure-latex/unnamed-chunk-73-1.pdf  used o
n input line 533.
(pdftex.def)             Requested size: 469.75386pt x 289.07928pt.
[16
pdfTeX warning (ext4): destination with the same identifier (name{figure.13}) h
as been already used, duplicate ignored
<argument> ...shipout:D \box_use:N \l_shipout_box 
                                                  \__shipout_drop_firstpage_...
l.537 \newpage
               <./SwDS_files/figure-latex/unnamed-chunk-72-1.pdf>] [17
pdfTeX warning (ext4): destination with the same identifier (name{figure.14}) h
as been already used, duplicate ignored
<argument> ...shipout:D \box_use:N \l_shipout_box 
                                                  \__shipout_drop_firstpage_...
l.560 \section{Conclusion}\label{conclusion}}
                                              <./SwDS_files/figure-latex/unname
d-chunk-73-1.pdf>] (SwDS.bbl) [18] [19] [20] [21] [22
pdfTeX warning (ext4): destination with the same identifier (name{table.5}) has
 been already used, duplicate ignored
<argument> ...shipout:D \box_use:N \l_shipout_box 
                                                  \__shipout_drop_firstpage_...
l.811 \end{document}
                    ] (SwDS.aux)
 ***********
LaTeX2e <2023-11-01> patch level 1
L3 programming layer <2024-01-04>
 ***********
 ) 
Here is how much of TeX's memory you used:
 15763 strings out of 474486
 255785 string characters out of 5743756
 1950542 words of memory out of 5000000
 37522 multiletter control sequences out of 15000+600000
 611279 words of font info for 149 fonts, out of 8000000 for 9000
 1141 hyphenation exceptions out of 8191
 66i,9n,67p,1576b,562s stack positions out of 10000i,1000n,20000p,200000b,200000s
<C:/Users/13791/AppData/Local/Programs/MiKTeX/fonts/type1/public/lm/lmbx10.pf
b><C:/Users/13791/AppData/Local/Programs/MiKTeX/fonts/type1/public/lm/lmbx12.pf
b><C:/Users/13791/AppData/Local/Programs/MiKTeX/fonts/type1/public/lm/lmex10.pf
b><C:/Users/13791/AppData/Local/Programs/MiKTeX/fonts/type1/public/lm/lmmi10.pf
b><C:/Users/13791/AppData/Local/Programs/MiKTeX/fonts/type1/public/lm/lmmi12.pf
b><C:/Users/13791/AppData/Local/Programs/MiKTeX/fonts/type1/public/lm/lmmi6.pfb
><C:/Users/13791/AppData/Local/Programs/MiKTeX/fonts/type1/public/lm/lmmi8.pfb>
<C:/Users/13791/AppData/Local/Programs/MiKTeX/fonts/type1/public/lm/lmr10.pfb><
C:/Users/13791/AppData/Local/Programs/MiKTeX/fonts/type1/public/lm/lmr12.pfb><C
:/Users/13791/AppData/Local/Programs/MiKTeX/fonts/type1/public/lm/lmr8.pfb><C:/
Users/13791/AppData/Local/Programs/MiKTeX/fonts/type1/public/lm/lmri10.pfb><C:/
Users/13791/AppData/Local/Programs/MiKTeX/fonts/type1/public/lm/lmsy10.pfb><C:/
Users/13791/AppData/Local/Programs/MiKTeX/fonts/type1/public/lm/lmsy8.pfb><C:/U
sers/13791/AppData/Local/Programs/MiKTeX/fonts/type1/public/lm/lmtt10.pfb>
Output written on SwDS.pdf (28 pages, 4747522 bytes).
PDF statistics:
 475 PDF objects out of 1000 (max. 8388607)
 74 named destinations out of 1000 (max. 500000)
 28849 words of extra memory for PDF output out of 29859 (max. 10000000)

